2022-06-20 16:03:01,737 INFO com.example.hospital_management_system.HospitalManagementSystemApplication [main] Starting HospitalManagementSystemApplication using Java 11.0.15 on LAPTOP-KONSVPDH with PID 11404 (C:\Users\arsha\IdeaProjects\Hospital_Management_System\target\classes started by arsha in C:\Users\arsha\IdeaProjects\Hospital_Management_System)
2022-06-20 16:03:01,745 INFO com.example.hospital_management_system.HospitalManagementSystemApplication [main] No active profile set, falling back to 1 default profile: "default"
2022-06-20 16:03:02,241 INFO org.springframework.data.repository.config.RepositoryConfigurationDelegate [main] Bootstrapping Spring Data JPA repositories in DEFAULT mode.
2022-06-20 16:03:02,288 INFO org.springframework.data.repository.config.RepositoryConfigurationDelegate [main] Finished Spring Data repository scanning in 36 ms. Found 9 JPA repository interfaces.
2022-06-20 16:03:02,657 INFO org.springframework.boot.web.embedded.tomcat.TomcatWebServer [main] Tomcat initialized with port(s): 8080 (http)
2022-06-20 16:03:02,657 INFO org.apache.catalina.core.StandardService [main] Starting service [Tomcat]
2022-06-20 16:03:02,657 INFO org.apache.catalina.core.StandardEngine [main] Starting Servlet engine: [Apache Tomcat/9.0.63]
2022-06-20 16:03:02,720 INFO org.apache.catalina.core.ContainerBase.[Tomcat].[localhost].[/] [main] Initializing Spring embedded WebApplicationContext
2022-06-20 16:03:02,720 INFO org.springframework.boot.web.servlet.context.ServletWebServerApplicationContext [main] Root WebApplicationContext: initialization completed in 940 ms
2022-06-20 16:03:02,842 INFO org.hibernate.jpa.internal.util.LogHelper [main] HHH000204: Processing PersistenceUnitInfo [name: default]
2022-06-20 16:03:02,887 INFO org.hibernate.Version [main] HHH000412: Hibernate ORM core version 5.6.9.Final
2022-06-20 16:03:02,966 INFO org.hibernate.annotations.common.Version [main] HCANN000001: Hibernate Commons Annotations {5.1.2.Final}
2022-06-20 16:03:03,014 INFO com.zaxxer.hikari.HikariDataSource [main] HikariPool-1 - Starting...
2022-06-20 16:03:03,201 INFO com.zaxxer.hikari.HikariDataSource [main] HikariPool-1 - Start completed.
2022-06-20 16:03:03,218 INFO org.hibernate.dialect.Dialect [main] HHH000400: Using dialect: org.hibernate.dialect.MySQL8Dialect
2022-06-20 16:03:04,079 INFO org.hibernate.engine.transaction.jta.platform.internal.JtaPlatformInitiator [main] HHH000490: Using JtaPlatform implementation: [org.hibernate.engine.transaction.jta.platform.internal.NoJtaPlatform]
2022-06-20 16:03:04,115 INFO org.springframework.orm.jpa.LocalContainerEntityManagerFactoryBean [main] Initialized JPA EntityManagerFactory for persistence unit 'default'
2022-06-20 16:03:04,585 WARN org.springframework.boot.autoconfigure.orm.jpa.JpaBaseConfiguration$JpaWebConfiguration [main] spring.jpa.open-in-view is enabled by default. Therefore, database queries may be performed during view rendering. Explicitly configure spring.jpa.open-in-view to disable this warning
2022-06-20 16:03:04,949 INFO org.springframework.security.web.DefaultSecurityFilterChain [main] Will secure any request with [org.springframework.security.web.session.DisableEncodeUrlFilter@4a7c8cb7, org.springframework.security.web.context.request.async.WebAsyncManagerIntegrationFilter@32675dd4, org.springframework.security.web.context.SecurityContextPersistenceFilter@304704ae, org.springframework.security.web.header.HeaderWriterFilter@3497ecea, org.springframework.security.web.authentication.logout.LogoutFilter@3cc548f6, org.springframework.security.web.authentication.UsernamePasswordAuthenticationFilter@34525143, org.springframework.security.web.authentication.ui.DefaultLoginPageGeneratingFilter@eda7dd3, org.springframework.security.web.authentication.ui.DefaultLogoutPageGeneratingFilter@2351255a, org.springframework.security.web.authentication.www.BasicAuthenticationFilter@560c3758, org.springframework.security.web.savedrequest.RequestCacheAwareFilter@533a27f8, org.springframework.security.web.servletapi.SecurityContextHolderAwareRequestFilter@639bf405, org.springframework.security.web.authentication.AnonymousAuthenticationFilter@4f836d9, org.springframework.security.web.session.SessionManagementFilter@4b2af0eb, org.springframework.security.web.access.ExceptionTranslationFilter@677274e7, org.springframework.security.web.access.intercept.FilterSecurityInterceptor@1002f859]
2022-06-20 16:03:05,407 WARN org.springframework.boot.autoconfigure.thymeleaf.ThymeleafAutoConfiguration$DefaultTemplateResolverConfiguration [main] Cannot find template location: classpath:/templates/ (please add some templates or check your Thymeleaf configuration)
2022-06-20 16:03:05,532 INFO org.springframework.boot.web.embedded.tomcat.TomcatWebServer [main] Tomcat started on port(s): 8080 (http) with context path ''
2022-06-20 16:03:05,548 INFO com.example.hospital_management_system.HospitalManagementSystemApplication [main] Started HospitalManagementSystemApplication in 4.092 seconds (JVM running for 4.629)
2022-06-20 16:07:38,251 INFO org.apache.catalina.core.ContainerBase.[Tomcat].[localhost].[/] [http-nio-8080-exec-6] Initializing Spring DispatcherServlet 'dispatcherServlet'
2022-06-20 16:07:38,252 INFO org.springframework.web.servlet.DispatcherServlet [http-nio-8080-exec-6] Initializing Servlet 'dispatcherServlet'
2022-06-20 16:07:38,254 INFO org.springframework.web.servlet.DispatcherServlet [http-nio-8080-exec-6] Completed initialization in 1 ms
2022-06-20 16:07:44,185 INFO org.springdoc.api.AbstractOpenApiResource [http-nio-8080-exec-8] Init duration for springdoc-openapi is: 248 ms
2022-06-20 16:08:51,421 INFO com.example.hospital_management_system.aop.HospitalLoggerAop [http-nio-8080-exec-1] start of updateWorkGraphic
2022-06-20 16:08:51,511 INFO com.example.hospital_management_system.aop.HospitalLoggerAop [http-nio-8080-exec-1] successful of  updateWorkGraphic
2022-06-20 16:09:48,141 INFO org.springframework.orm.jpa.LocalContainerEntityManagerFactoryBean [SpringApplicationShutdownHook] Closing JPA EntityManagerFactory for persistence unit 'default'
2022-06-20 16:09:48,141 INFO com.zaxxer.hikari.HikariDataSource [SpringApplicationShutdownHook] HikariPool-1 - Shutdown initiated...
2022-06-20 16:09:48,141 INFO com.zaxxer.hikari.HikariDataSource [SpringApplicationShutdownHook] HikariPool-1 - Shutdown completed.
